Build started 5/10/2016 7:21:03 PM.
     1>Project "D:\VS2013WorkSpace\geco-sctp-cplus\mscv\project\project\project.vcxproj" on node 2 (Build target(s)).
     1>C:\Program Files (x86)\MSBuild\Microsoft.Cpp\v4.0\V120\Microsoft.CppBuild.targets(364,5): warning MSB8004: Output Directory does not end with a trailing slash.  This build instance will add the slash as it is required to allow proper evaluation of the Output Directory.
     1>ClCompile:
         C:\Program Files (x86)\Microsoft Visual Studio 12.0\VC\bin\x86_amd64\CL.exe /c /I../../../src /Zi /nologo /W3 /WX- /O2 /Oi /GL /D WIN32 /D NDEBUG /D _CONSOLE /D _LIB /D _UNICODE /D UNICODE /Gm- /EHsc /MD /GS /Gy /fp:precise /Zc:wchar_t /Zc:forScope /Fo"x64\Release\\" /Fd"x64\Release\vc120.pdb" /Gd /TP /errorReport:prompt ..\..\..\src\dispatch_layer.cc
         dispatch_layer.cc
     1>d:\vs2013workspace\geco-sctp-cplus\src\globals.h : warning C4819: The file contains a character that cannot be represented in the current code page (936). Save the file in Unicode format to prevent data loss
     1>d:\vs2013workspace\geco-sctp-cplus\src\messages.h : warning C4819: The file contains a character that cannot be represented in the current code page (936). Save the file in Unicode format to prevent data loss
     1>..\..\..\src\dispatch_layer.cc(205): warning C4101: 'vlparam_fixed' : unreferenced local variable
     1>..\..\..\src\dispatch_layer.cc(209): warning C4101: 'alternate_addr' : unreferenced local variable
     1>..\..\..\src\dispatch_layer.cc(207): warning C4101: 'init_ptr' : unreferenced local variable
     1>..\..\..\src\dispatch_layer.cc(210): warning C4101: 'temp_dispatcher' : unreferenced local variable
     1>..\..\..\src\dispatch_layer.cc(204): warning C4101: 'init_chunk_fixed' : unreferenced local variable
     1>..\..\..\src\dispatch_layer.cc(348): warning C4018: '<' : signed/unsigned mismatch
     1>..\..\..\src\dispatch_layer.cc(350): warning C4018: '<' : signed/unsigned mismatch
     1>C:\Program Files (x86)\MSBuild\Microsoft.Cpp\v4.0\V120\Microsoft.CppBuild.targets(1193,5): warning MSB8012: TargetPath(D:\VS2013WorkSpace\geco-sctp-cplus\mscv\project\\builds\mywheel.exe) does not match the Linker's OutputFile property value (D:\VS2013WorkSpace\geco-sctp-cplus\mscv\project\builds\geco-sctp-cplus_mywheel_Releasex64.exe). This may cause your project to build incorrectly. To correct this, please make sure that $(OutDir), $(TargetName) and $(TargetExt) property values match the value specified in %(Link.OutputFile).
     1>C:\Program Files (x86)\MSBuild\Microsoft.Cpp\v4.0\V120\Microsoft.CppBuild.targets(1195,5): warning MSB8012: TargetName(mywheel) does not match the Linker's OutputFile property value (geco-sctp-cplus_mywheel_Releasex64). This may cause your project to build incorrectly. To correct this, please make sure that $(OutDir), $(TargetName) and $(TargetExt) property values match the value specified in %(Link.OutputFile).
       Link:
         C:\Program Files (x86)\Microsoft Visual Studio 12.0\VC\bin\x86_amd64\link.exe /ERRORREPORT:PROMPT /OUT:"D:\VS2013WorkSpace\geco-sctp-cplus\mscv\project\\builds\geco-sctp-cplus_mywheel_Releasex64.exe" /INCREMENTAL:NO /NOLOGO ws2_32.lib Iphlpapi.lib kernel32.lib user32.lib gdi32.lib winspool.lib comdlg32.lib advapi32.lib shell32.lib ole32.lib oleaut32.lib uuid.lib odbc32.lib odbccp32.lib kernel32.lib user32.lib gdi32.lib winspool.lib comdlg32.lib advapi32.lib shell32.lib ole32.lib oleaut32.lib uuid.lib odbc32.lib odbccp32.lib /MANIFEST /MANIFESTUAC:"level='asInvoker' uiAccess='false'" /manifest:embed /DEBUG /PDB:"D:\VS2013WorkSpace\geco-sctp-cplus\mscv\project\\builds\mywheel.pdb" /SUBSYSTEM:CONSOLE /OPT:REF /OPT:ICF /LTCG /TLBID:1 /DYNAMICBASE /NXCOMPAT /IMPLIB:"D:\VS2013WorkSpace\geco-sctp-cplus\mscv\project\\builds\mywheel.lib" /MACHINE:X64 x64\Release\dispatch_layer.obj
         x64\Release\gecotimer.obj
         x64\Release\globals.obj
         x64\Release\main.obj
         x64\Release\md5.obj
         x64\Release\poller.obj
         Generating code
         Finished generating code
         project.vcxproj -> D:\VS2013WorkSpace\geco-sctp-cplus\mscv\project\\builds\mywheel.exe
     1>Done Building Project "D:\VS2013WorkSpace\geco-sctp-cplus\mscv\project\project\project.vcxproj" (Build target(s)).

Build succeeded.

Time Elapsed 00:00:01.88
