Build started 2016/5/22 20:01:55.
     1>Project "D:\VS2013WorkSpace\geco-sctp-cplus\mscv\2013\geco-net\protocol-stack\protocol-stack.vcxproj" on node 2 (Build target(s)).
     1>ClCompile:
         C:\Program Files (x86)\Microsoft Visual Studio 12.0\VC\bin\x86_amd64\CL.exe /c /I../../../../include /I../../../../thirdparty/ /I../../../../thirdparty/cat/include/ /I"../../../../thirdparty/openssl-1.0.0d/include" /I../../../../thirdparty/googletest/include/ /I../../../../thirdparty/googlemock/include/ /Zi /nologo /W3 /WX- /Od /D WIN32 /D _DEBUG /D _LIB /D _UNICODE /D UNICODE /Gm /EHsc /RTC1 /MTd /GS /fp:precise /Zc:wchar_t /Zc:forScope /Fo"x64\Debug\\" /Fd"x64\Debug\vc120.pdb" /Gd /TP /errorReport:prompt ..\..\..\..\src\auth.cc ..\..\..\..\src\dispatch_layer.cc ..\..\..\..\src\gecotimer.cc ..\..\..\..\src\globals.cc ..\..\..\..\src\poller.cc
         poller.cc
     1>..\..\..\..\src\poller.cc : warning C4819: The file contains a character that cannot be represented in the current code page (936). Save the file in Unicode format to prevent data loss
     1>D:\VS2013WorkSpace\geco-sctp-cplus\include\poller.h(81): warning C4005: 'POLLIN' : macro redefinition
                 C:\Program Files (x86)\Windows Kits\8.1\Include\um\winsock2.h(1617) : see previous definition of 'POLLIN'
     1>D:\VS2013WorkSpace\geco-sctp-cplus\include\poller.h(82): warning C4005: 'POLLPRI' : macro redefinition
                 C:\Program Files (x86)\Windows Kits\8.1\Include\um\winsock2.h(1618) : see previous definition of 'POLLPRI'
     1>D:\VS2013WorkSpace\geco-sctp-cplus\include\poller.h(83): warning C4005: 'POLLOUT' : macro redefinition
                 C:\Program Files (x86)\Windows Kits\8.1\Include\um\winsock2.h(1621) : see previous definition of 'POLLOUT'
     1>D:\VS2013WorkSpace\geco-sctp-cplus\include\poller.h(84): warning C4005: 'POLLERR' : macro redefinition
                 C:\Program Files (x86)\Windows Kits\8.1\Include\um\winsock2.h(1624) : see previous definition of 'POLLERR'
     1>d:\vs2013workspace\geco-sctp-cplus\include\globals.h : warning C4819: The file contains a character that cannot be represented in the current code page (936). Save the file in Unicode format to prevent data loss
     1>d:\vs2013workspace\geco-sctp-cplus\include\config.h(15): warning C4005: '_DEBUG' : macro redefinition
                 command-line arguments :  see previous definition of '_DEBUG'
     1>d:\vs2013workspace\geco-sctp-cplus\include\messages.h(432): error C2065: 'COOKIE_FIXED_SIZE' : undeclared identifier
     1>d:\vs2013workspace\geco-sctp-cplus\include\messages.h(432): warning C4200: nonstandard extension used : zero-sized array in struct/union
                 Cannot generate copy-ctor or copy-assignment operator when UDT contains a zero-sized array
     1>d:\vs2013workspace\geco-sctp-cplus\include\dispatch_layer.h : warning C4819: The file contains a character that cannot be represented in the current code page (936). Save the file in Unicode format to prevent data loss
     1>d:\vs2013workspace\geco-sctp-cplus\include\geco-ds-malloc.h : warning C4819: The file contains a character that cannot be represented in the current code page (936). Save the file in Unicode format to prevent data loss
     1>d:\vs2013workspace\geco-sctp-cplus\include\geco-ds-config.h : warning C4819: The file contains a character that cannot be represented in the current code page (936). Save the file in Unicode format to prevent data loss
     1>d:\vs2013workspace\geco-sctp-cplus\include\dispatch_layer.h(598): warning C4018: '<' : signed/unsigned mismatch
     1>d:\vs2013workspace\geco-sctp-cplus\include\dispatch_layer.h(741): warning C4018: '<' : signed/unsigned mismatch
     1>d:\vs2013workspace\geco-sctp-cplus\include\dispatch_layer.h(920): warning C4244: '+=' : conversion from 'unsigned __int64' to 'uchar', possible loss of data
     1>..\..\..\..\src\poller.cc(77): warning C4244: 'argument' : conversion from 'SOCKET' to 'int', possible loss of data
     1>..\..\..\..\src\poller.cc(990): warning C4244: '=' : conversion from 'SOCKET' to 'int', possible loss of data
     1>..\..\..\..\src\poller.cc(1142): warning C4244: '=' : conversion from 'SOCKET' to 'int', possible loss of data
     1>..\..\..\..\src\poller.cc(1164): warning C4002: too many actual parameters for macro 'ERRLOG1'
     1>..\..\..\..\src\poller.cc(1583): warning C4305: 'return' : truncation from 'int' to 'bool'
     1>..\..\..\..\src\poller.cc(1594): warning C4305: 'return' : truncation from 'int' to 'bool'
     1>..\..\..\..\src\poller.cc(1601): warning C4305: 'return' : truncation from 'int' to 'bool'
     1>..\..\..\..\src\poller.cc(1623): warning C4305: 'return' : truncation from 'int' to 'bool'
     1>..\..\..\..\src\poller.cc(1644): warning C4305: 'return' : truncation from 'int' to 'bool'
         globals.cc
     1>..\..\..\..\src\globals.cc : warning C4819: The file contains a character that cannot be represented in the current code page (936). Save the file in Unicode format to prevent data loss
     1>D:\VS2013WorkSpace\geco-sctp-cplus\include\globals.h : warning C4819: The file contains a character that cannot be represented in the current code page (936). Save the file in Unicode format to prevent data loss
     1>d:\vs2013workspace\geco-sctp-cplus\include\config.h(15): warning C4005: '_DEBUG' : macro redefinition
                 command-line arguments :  see previous definition of '_DEBUG'
     1>d:\vs2013workspace\geco-sctp-cplus\include\messages.h(432): error C2065: 'COOKIE_FIXED_SIZE' : undeclared identifier
     1>d:\vs2013workspace\geco-sctp-cplus\include\messages.h(432): warning C4200: nonstandard extension used : zero-sized array in struct/union
                 Cannot generate copy-ctor or copy-assignment operator when UDT contains a zero-sized array
     1>..\..\..\..\src\globals.cc(121): warning C4244: '=' : conversion from 'time_t' to 'long', possible loss of data
     1>..\..\..\..\src\globals.cc(208): warning C4244: '=' : conversion from 'time_t' to 'long', possible loss of data
     1>..\..\..\..\src\globals.cc(214): warning C4244: '=' : conversion from 'time_t' to 'long', possible loss of data
     1>..\..\..\..\src\globals.cc(474): warning C4267: 'initializing' : conversion from 'size_t' to 'int', possible loss of data
     1>..\..\..\..\src\globals.cc(509): warning C4267: 'initializing' : conversion from 'size_t' to 'int', possible loss of data
         gecotimer.cc
     1>d:\vs2013workspace\geco-sctp-cplus\include\globals.h : warning C4819: The file contains a character that cannot be represented in the current code page (936). Save the file in Unicode format to prevent data loss
     1>d:\vs2013workspace\geco-sctp-cplus\include\config.h(15): warning C4005: '_DEBUG' : macro redefinition
                 command-line arguments :  see previous definition of '_DEBUG'
     1>d:\vs2013workspace\geco-sctp-cplus\include\messages.h(432): error C2065: 'COOKIE_FIXED_SIZE' : undeclared identifier
     1>d:\vs2013workspace\geco-sctp-cplus\include\messages.h(432): warning C4200: nonstandard extension used : zero-sized array in struct/union
                 Cannot generate copy-ctor or copy-assignment operator when UDT contains a zero-sized array
         dispatch_layer.cc
     1>D:\VS2013WorkSpace\geco-sctp-cplus\include\dispatch_layer.h : warning C4819: The file contains a character that cannot be represented in the current code page (936). Save the file in Unicode format to prevent data loss
     1>d:\vs2013workspace\geco-sctp-cplus\include\globals.h : warning C4819: The file contains a character that cannot be represented in the current code page (936). Save the file in Unicode format to prevent data loss
     1>d:\vs2013workspace\geco-sctp-cplus\include\config.h(15): warning C4005: '_DEBUG' : macro redefinition
                 command-line arguments :  see previous definition of '_DEBUG'
     1>d:\vs2013workspace\geco-sctp-cplus\include\messages.h(432): error C2065: 'COOKIE_FIXED_SIZE' : undeclared identifier
     1>d:\vs2013workspace\geco-sctp-cplus\include\messages.h(432): warning C4200: nonstandard extension used : zero-sized array in struct/union
                 Cannot generate copy-ctor or copy-assignment operator when UDT contains a zero-sized array
     1>d:\vs2013workspace\geco-sctp-cplus\include\geco-ds-malloc.h : warning C4819: The file contains a character that cannot be represented in the current code page (936). Save the file in Unicode format to prevent data loss
     1>d:\vs2013workspace\geco-sctp-cplus\include\geco-ds-config.h : warning C4819: The file contains a character that cannot be represented in the current code page (936). Save the file in Unicode format to prevent data loss
     1>D:\VS2013WorkSpace\geco-sctp-cplus\include\dispatch_layer.h(598): warning C4018: '<' : signed/unsigned mismatch
     1>D:\VS2013WorkSpace\geco-sctp-cplus\include\dispatch_layer.h(741): warning C4018: '<' : signed/unsigned mismatch
     1>D:\VS2013WorkSpace\geco-sctp-cplus\include\dispatch_layer.h(920): warning C4244: '+=' : conversion from 'unsigned __int64' to 'uchar', possible loss of data
     1>D:\VS2013WorkSpace\geco-sctp-cplus\include\poller.h(81): warning C4005: 'POLLIN' : macro redefinition
                 C:\Program Files (x86)\Windows Kits\8.1\Include\um\winsock2.h(1617) : see previous definition of 'POLLIN'
     1>D:\VS2013WorkSpace\geco-sctp-cplus\include\poller.h(82): warning C4005: 'POLLPRI' : macro redefinition
                 C:\Program Files (x86)\Windows Kits\8.1\Include\um\winsock2.h(1618) : see previous definition of 'POLLPRI'
     1>D:\VS2013WorkSpace\geco-sctp-cplus\include\poller.h(83): warning C4005: 'POLLOUT' : macro redefinition
                 C:\Program Files (x86)\Windows Kits\8.1\Include\um\winsock2.h(1621) : see previous definition of 'POLLOUT'
     1>D:\VS2013WorkSpace\geco-sctp-cplus\include\poller.h(84): warning C4005: 'POLLERR' : macro redefinition
                 C:\Program Files (x86)\Windows Kits\8.1\Include\um\winsock2.h(1624) : see previous definition of 'POLLERR'
     1>..\..\..\..\src\dispatch_layer.cc(930): warning C4267: '=' : conversion from 'size_t' to 'unsigned short', possible loss of data
     1>..\..\..\..\src\dispatch_layer.cc(998): warning C4018: '<' : signed/unsigned mismatch
     1>..\..\..\..\src\dispatch_layer.cc(1015): warning C4018: '>' : signed/unsigned mismatch
     1>..\..\..\..\src\dispatch_layer.cc(1371): warning C4305: '=' : truncation from 'int' to 'uchar'
     1>..\..\..\..\src\dispatch_layer.cc(1371): warning C4309: '=' : truncation of constant value
     1>..\..\..\..\src\dispatch_layer.cc(1380): warning C4018: '>=' : signed/unsigned mismatch
     1>..\..\..\..\src\dispatch_layer.cc(1403): warning C4018: '>=' : signed/unsigned mismatch
         Generating Code...
         Compiling...
         auth.cc
     1>D:\VS2013WorkSpace\geco-sctp-cplus\include\globals.h : warning C4819: The file contains a character that cannot be represented in the current code page (936). Save the file in Unicode format to prevent data loss
     1>C:\Program Files (x86)\Windows Kits\8.1\Include\um\winnt.h(18582): warning C4005: 'KEY_READ' : macro redefinition
                 D:\VS2013WorkSpace\geco-sctp-cplus\include\auth.h(86) : see previous definition of 'KEY_READ'
     1>d:\vs2013workspace\geco-sctp-cplus\include\config.h(15): warning C4005: '_DEBUG' : macro redefinition
                 command-line arguments :  see previous definition of '_DEBUG'
     1>..\..\..\..\src\auth.cc(112): warning C4267: 'argument' : conversion from 'size_t' to 'MD5::size_type', possible loss of data
     1>..\..\..\..\src\auth.cc(341): warning C4996: 'sprintf': This function or variable may be unsafe. Consider using sprintf_s instead. To disable deprecation, use _CRT_SECURE_NO_WARNINGS. See online help for details.
                 C:\Program Files (x86)\Microsoft Visual Studio 12.0\VC\include\stdio.h(356) : see declaration of 'sprintf'
         Generating Code...
     1>Done Building Project "D:\VS2013WorkSpace\geco-sctp-cplus\mscv\2013\geco-net\protocol-stack\protocol-stack.vcxproj" (Build target(s)) -- FAILED.

Build FAILED.

Time Elapsed 00:00:02.88
