Build started 4/17/2016 10:02:50 PM.
     1>Project "D:\VS2013WorkSpace\wheel-of-sctp\mscv\project\project\project.vcxproj" on node 2 (Build target(s)).
     1>C:\Program Files (x86)\MSBuild\Microsoft.Cpp\v4.0\V120\Microsoft.CppBuild.targets(364,5): warning MSB8004: Output Directory does not end with a trailing slash.  This build instance will add the slash as it is required to allow proper evaluation of the Output Directory.
     1>ClCompile:
         C:\Program Files (x86)\Microsoft Visual Studio 12.0\VC\bin\x86_amd64\CL.exe /c /I"D:\VS2013WorkSpace\wheel-of-sctp\my_wheel_src" /Zi /nologo /W3 /WX- /Od /D WIN32 /D _DEBUG /D _CONSOLE /D _LIB /D _UNICODE /D UNICODE /Gm /EHsc /RTC1 /MDd /GS /fp:precise /Zc:wchar_t /Zc:forScope /Fo"x64\Debug\\" /Fd"x64\Debug\vc120.pdb" /Gd /TP /errorReport:prompt ..\..\..\my_wheel_src\globals.cc
         globals.cc
     1>d:\vs2013workspace\wheel-of-sctp\my_wheel_src\globals.h : warning C4819: The file contains a character that cannot be represented in the current code page (936). Save the file in Unicode format to prevent data loss
     1>..\..\..\my_wheel_src\globals.cc(40): warning C4996: 'fopen': This function or variable may be unsafe. Consider using fopen_s instead. To disable deprecation, use _CRT_SECURE_NO_WARNINGS. See online help for details.
                 C:\Program Files (x86)\Microsoft Visual Studio 12.0\VC\include\stdio.h(211) : see declaration of 'fopen'
     1>..\..\..\my_wheel_src\globals.cc(47): warning C4996: 'fscanf': This function or variable may be unsafe. Consider using fscanf_s instead. To disable deprecation, use _CRT_SECURE_NO_WARNINGS. See online help for details.
                 C:\Program Files (x86)\Microsoft Visual Studio 12.0\VC\include\stdio.h(230) : see declaration of 'fscanf'
     1>..\..\..\my_wheel_src\globals.cc(52): warning C4996: 'getpid': The POSIX name for this item is deprecated. Instead, use the ISO C++ conformant name: _getpid. See online help for details.
                 C:\Program Files (x86)\Microsoft Visual Studio 12.0\VC\include\process.h(222) : see declaration of 'getpid'
     1>..\..\..\my_wheel_src\globals.cc(54): warning C4996: 'sprintf': This function or variable may be unsafe. Consider using sprintf_s instead. To disable deprecation, use _CRT_SECURE_NO_WARNINGS. See online help for details.
                 C:\Program Files (x86)\Microsoft Visual Studio 12.0\VC\include\stdio.h(356) : see declaration of 'sprintf'
     1>..\..\..\my_wheel_src\globals.cc(55): warning C4996: 'fopen': This function or variable may be unsafe. Consider using fopen_s instead. To disable deprecation, use _CRT_SECURE_NO_WARNINGS. See online help for details.
                 C:\Program Files (x86)\Microsoft Visual Studio 12.0\VC\include\stdio.h(211) : see declaration of 'fopen'
     1>..\..\..\my_wheel_src\globals.cc(68): warning C4267: '=' : conversion from 'size_t' to 'int', possible loss of data
     1>..\..\..\my_wheel_src\globals.cc(105): warning C4244: '=' : conversion from 'time_t' to 'long', possible loss of data
     1>..\..\..\my_wheel_src\globals.cc(119): warning C4996: 'localtime': This function or variable may be unsafe. Consider using localtime_s instead. To disable deprecation, use _CRT_SECURE_NO_WARNINGS. See online help for details.
                 C:\Program Files (x86)\Microsoft Visual Studio 12.0\VC\include\time.inl(112) : see declaration of 'localtime'
       Link:
         C:\Program Files (x86)\Microsoft Visual Studio 12.0\VC\bin\x86_amd64\link.exe /ERRORREPORT:PROMPT /OUT:"D:\VS2013WorkSpace\wheel-of-sctp\mscv\project\\builds\mywheel.exe" /INCREMENTAL /NOLOGO kernel32.lib user32.lib gdi32.lib winspool.lib comdlg32.lib advapi32.lib shell32.lib ole32.lib oleaut32.lib uuid.lib odbc32.lib odbccp32.lib /MANIFEST /MANIFESTUAC:"level='asInvoker' uiAccess='false'" /manifest:embed /DEBUG /PDB:"D:\VS2013WorkSpace\wheel-of-sctp\mscv\project\\builds\mywheel.pdb" /SUBSYSTEM:CONSOLE /TLBID:1 /DYNAMICBASE /NXCOMPAT /IMPLIB:"D:\VS2013WorkSpace\wheel-of-sctp\mscv\project\\builds\mywheel.lib" /MACHINE:X64 x64\Debug\globals.obj
         x64\Debug\main.obj
         project.vcxproj -> D:\VS2013WorkSpace\wheel-of-sctp\mscv\project\\builds\mywheel.exe
     1>Done Building Project "D:\VS2013WorkSpace\wheel-of-sctp\mscv\project\project\project.vcxproj" (Build target(s)).

Build succeeded.

Time Elapsed 00:00:00.83
