  poller.cc
d:\vs2013workspace\geco-sctp-cplus\src\poller.cc : warning C4819: The file contains a character that cannot be represented in the current code page (936). Save the file in Unicode format to prevent data loss
d:\vs2013workspace\geco-sctp-cplus\include\poller.h(81): warning C4005: 'POLLIN': macro redefinition
  c:\program files (x86)\windows kits\8.1\include\um\winsock2.h(1617): note: see previous definition of 'POLLIN'
d:\vs2013workspace\geco-sctp-cplus\include\poller.h(82): warning C4005: 'POLLPRI': macro redefinition
  c:\program files (x86)\windows kits\8.1\include\um\winsock2.h(1618): note: see previous definition of 'POLLPRI'
d:\vs2013workspace\geco-sctp-cplus\include\poller.h(83): warning C4005: 'POLLOUT': macro redefinition
  c:\program files (x86)\windows kits\8.1\include\um\winsock2.h(1621): note: see previous definition of 'POLLOUT'
d:\vs2013workspace\geco-sctp-cplus\include\poller.h(84): warning C4005: 'POLLERR': macro redefinition
  c:\program files (x86)\windows kits\8.1\include\um\winsock2.h(1624): note: see previous definition of 'POLLERR'
d:\vs2013workspace\geco-sctp-cplus\include\globals.h : warning C4819: The file contains a character that cannot be represented in the current code page (936). Save the file in Unicode format to prevent data loss
d:\vs2013workspace\geco-sctp-cplus\include\config.h(15): warning C4005: '_DEBUG': macro redefinition
  d:\vs2013workspace\geco-sctp-cplus\include\config.h(15): note: command-line arguments:  see previous definition of '_DEBUG'
d:\vs2013workspace\geco-sctp-cplus\include\dispatch_layer.h : warning C4819: The file contains a character that cannot be represented in the current code page (936). Save the file in Unicode format to prevent data loss
d:\vs2013workspace\geco-sctp-cplus\include\geco-ds-malloc.h : warning C4819: The file contains a character that cannot be represented in the current code page (936). Save the file in Unicode format to prevent data loss
d:\vs2013workspace\geco-sctp-cplus\include\geco-ds-config.h : warning C4819: The file contains a character that cannot be represented in the current code page (936). Save the file in Unicode format to prevent data loss
d:\vs2013workspace\geco-sctp-cplus\include\dispatch_layer.h(636): warning C4018: '<': signed/unsigned mismatch
d:\vs2013workspace\geco-sctp-cplus\include\dispatch_layer.h(780): warning C4018: '<': signed/unsigned mismatch
d:\vs2013workspace\geco-sctp-cplus\include\dispatch_layer.h(968): warning C4244: '+=': conversion from 'unsigned __int64' to 'uchar', possible loss of data
d:\vs2013workspace\geco-sctp-cplus\include\poller.h(596): warning C4996: 'gethostbyname': Use getaddrinfo() or GetAddrInfoW() instead or define _WINSOCK_DEPRECATED_NO_WARNINGS to disable deprecated API warnings
  c:\program files (x86)\windows kits\8.1\include\um\winsock2.h(2238): note: see declaration of 'gethostbyname'
d:\vs2013workspace\geco-sctp-cplus\src\poller.cc(77): warning C4244: 'argument': conversion from 'SOCKET' to 'int', possible loss of data
d:\vs2013workspace\geco-sctp-cplus\src\poller.cc(120): warning C4996: 'inet_addr': Use inet_pton() or InetPton() instead or define _WINSOCK_DEPRECATED_NO_WARNINGS to disable deprecated API warnings
  c:\program files (x86)\windows kits\8.1\include\um\winsock2.h(1850): note: see declaration of 'inet_addr'
d:\vs2013workspace\geco-sctp-cplus\src\poller.cc(189): warning C4312: 'type cast': conversion from 'NTSTATUS' to 'char *' of greater size
d:\vs2013workspace\geco-sctp-cplus\src\poller.cc(170): warning C4996: 'strncpy': This function or variable may be unsafe. Consider using strncpy_s instead. To disable deprecation, use _CRT_SECURE_NO_WARNINGS. See online help for details.
  c:\program files (x86)\windows kits\10\include\10.0.10240.0\ucrt\string.h(346): note: see declaration of 'strncpy'
d:\vs2013workspace\geco-sctp-cplus\src\poller.cc(202): warning C4996: 'strcat': This function or variable may be unsafe. Consider using strcat_s instead. To disable deprecation, use _CRT_SECURE_NO_WARNINGS. See online help for details.
  c:\program files (x86)\windows kits\10\include\10.0.10240.0\ucrt\string.h(90): note: see declaration of 'strcat'
d:\vs2013workspace\geco-sctp-cplus\src\poller.cc(203): warning C4996: 'strcat': This function or variable may be unsafe. Consider using strcat_s instead. To disable deprecation, use _CRT_SECURE_NO_WARNINGS. See online help for details.
  c:\program files (x86)\windows kits\10\include\10.0.10240.0\ucrt\string.h(90): note: see declaration of 'strcat'
d:\vs2013workspace\geco-sctp-cplus\src\poller.cc(763): warning C4101: 'i': unreferenced local variable
d:\vs2013workspace\geco-sctp-cplus\src\poller.cc(984): warning C4244: '=': conversion from 'SOCKET' to 'int', possible loss of data
d:\vs2013workspace\geco-sctp-cplus\src\poller.cc(1135): warning C4244: '=': conversion from 'SOCKET' to 'int', possible loss of data
d:\vs2013workspace\geco-sctp-cplus\src\poller.cc(1157): warning C4002: too many actual parameters for macro 'ERRLOG1'
d:\vs2013workspace\geco-sctp-cplus\src\poller.cc(1291): warning C4996: 'inet_ntoa': Use inet_ntop() or InetNtop() instead or define _WINSOCK_DEPRECATED_NO_WARNINGS to disable deprecated API warnings
  c:\program files (x86)\windows kits\8.1\include\um\winsock2.h(1868): note: see declaration of 'inet_ntoa'
d:\vs2013workspace\geco-sctp-cplus\src\poller.cc(1568): warning C4305: 'return': truncation from 'int' to 'bool'
d:\vs2013workspace\geco-sctp-cplus\src\poller.cc(1579): warning C4305: 'return': truncation from 'int' to 'bool'
d:\vs2013workspace\geco-sctp-cplus\src\poller.cc(1586): warning C4305: 'return': truncation from 'int' to 'bool'
d:\vs2013workspace\geco-sctp-cplus\src\poller.cc(1608): warning C4305: 'return': truncation from 'int' to 'bool'
d:\vs2013workspace\geco-sctp-cplus\src\poller.cc(1629): warning C4305: 'return': truncation from 'int' to 'bool'
d:\vs2013workspace\geco-sctp-cplus\src\poller.cc(1619): warning C4996: 'inet_addr': Use inet_pton() or InetPton() instead or define _WINSOCK_DEPRECATED_NO_WARNINGS to disable deprecated API warnings
  c:\program files (x86)\windows kits\8.1\include\um\winsock2.h(1850): note: see declaration of 'inet_addr'
  globals.cc
d:\vs2013workspace\geco-sctp-cplus\src\globals.cc : warning C4819: The file contains a character that cannot be represented in the current code page (936). Save the file in Unicode format to prevent data loss
d:\vs2013workspace\geco-sctp-cplus\include\globals.h : warning C4819: The file contains a character that cannot be represented in the current code page (936). Save the file in Unicode format to prevent data loss
d:\vs2013workspace\geco-sctp-cplus\include\config.h(15): warning C4005: '_DEBUG': macro redefinition
  d:\vs2013workspace\geco-sctp-cplus\include\config.h(15): note: command-line arguments:  see previous definition of '_DEBUG'
d:\vs2013workspace\geco-sctp-cplus\src\globals.cc(56): warning C4996: 'fopen': This function or variable may be unsafe. Consider using fopen_s instead. To disable deprecation, use _CRT_SECURE_NO_WARNINGS. See online help for details.
  c:\program files (x86)\windows kits\10\include\10.0.10240.0\ucrt\stdio.h(205): note: see declaration of 'fopen'
d:\vs2013workspace\geco-sctp-cplus\src\globals.cc(62): warning C4996: 'fscanf': This function or variable may be unsafe. Consider using fscanf_s instead. To disable deprecation, use _CRT_SECURE_NO_WARNINGS. See online help for details.
  c:\program files (x86)\windows kits\10\include\10.0.10240.0\ucrt\stdio.h(1193): note: see declaration of 'fscanf'
d:\vs2013workspace\geco-sctp-cplus\src\globals.cc(70): warning C4996: 'getpid': The POSIX name for this item is deprecated. Instead, use the ISO C and C++ conformant name: _getpid. See online help for details.
  c:\program files (x86)\windows kits\10\include\10.0.10240.0\ucrt\process.h(353): note: see declaration of 'getpid'
d:\vs2013workspace\geco-sctp-cplus\src\globals.cc(72): warning C4996: 'sprintf': This function or variable may be unsafe. Consider using sprintf_s instead. To disable deprecation, use _CRT_SECURE_NO_WARNINGS. See online help for details.
  c:\program files (x86)\windows kits\10\include\10.0.10240.0\ucrt\stdio.h(1769): note: see declaration of 'sprintf'
d:\vs2013workspace\geco-sctp-cplus\src\globals.cc(73): warning C4996: 'fopen': This function or variable may be unsafe. Consider using fopen_s instead. To disable deprecation, use _CRT_SECURE_NO_WARNINGS. See online help for details.
  c:\program files (x86)\windows kits\10\include\10.0.10240.0\ucrt\stdio.h(205): note: see declaration of 'fopen'
d:\vs2013workspace\geco-sctp-cplus\src\globals.cc(121): warning C4244: '=': conversion from 'time_t' to 'long', possible loss of data
d:\vs2013workspace\geco-sctp-cplus\src\globals.cc(133): warning C4996: 'localtime': This function or variable may be unsafe. Consider using localtime_s instead. To disable deprecation, use _CRT_SECURE_NO_WARNINGS. See online help for details.
  c:\program files (x86)\windows kits\10\include\10.0.10240.0\ucrt\time.h(505): note: see declaration of 'localtime'
d:\vs2013workspace\geco-sctp-cplus\src\globals.cc(208): warning C4244: '=': conversion from 'time_t' to 'long', possible loss of data
d:\vs2013workspace\geco-sctp-cplus\src\globals.cc(214): warning C4244: '=': conversion from 'time_t' to 'long', possible loss of data
d:\vs2013workspace\geco-sctp-cplus\src\globals.cc(263): warning C4101: 'mi': unreferenced local variable
d:\vs2013workspace\geco-sctp-cplus\src\globals.cc(359): warning C4996: 'sprintf': This function or variable may be unsafe. Consider using sprintf_s instead. To disable deprecation, use _CRT_SECURE_NO_WARNINGS. See online help for details.
  c:\program files (x86)\windows kits\10\include\10.0.10240.0\ucrt\stdio.h(1769): note: see declaration of 'sprintf'
d:\vs2013workspace\geco-sctp-cplus\src\globals.cc(365): warning C4996: 'sprintf': This function or variable may be unsafe. Consider using sprintf_s instead. To disable deprecation, use _CRT_SECURE_NO_WARNINGS. See online help for details.
  c:\program files (x86)\windows kits\10\include\10.0.10240.0\ucrt\stdio.h(1769): note: see declaration of 'sprintf'
d:\vs2013workspace\geco-sctp-cplus\src\globals.cc(317): warning C4101: 'mi': unreferenced local variable
d:\vs2013workspace\geco-sctp-cplus\src\globals.cc(372): warning C4996: 'strerror': This function or variable may be unsafe. Consider using strerror_s instead. To disable deprecation, use _CRT_SECURE_NO_WARNINGS. See online help for details.
  c:\program files (x86)\windows kits\10\include\10.0.10240.0\ucrt\string.h(178): note: see declaration of 'strerror'
d:\vs2013workspace\geco-sctp-cplus\src\globals.cc(474): warning C4267: 'initializing': conversion from 'size_t' to 'int', possible loss of data
d:\vs2013workspace\geco-sctp-cplus\src\globals.cc(467): warning C4996: 'strcpy': This function or variable may be unsafe. Consider using strcpy_s instead. To disable deprecation, use _CRT_SECURE_NO_WARNINGS. See online help for details.
  c:\program files (x86)\windows kits\10\include\10.0.10240.0\ucrt\string.h(119): note: see declaration of 'strcpy'
d:\vs2013workspace\geco-sctp-cplus\src\globals.cc(509): warning C4267: 'initializing': conversion from 'size_t' to 'int', possible loss of data
d:\vs2013workspace\geco-sctp-cplus\src\globals.cc(502): warning C4996: 'strcpy': This function or variable may be unsafe. Consider using strcpy_s instead. To disable deprecation, use _CRT_SECURE_NO_WARNINGS. See online help for details.
  c:\program files (x86)\windows kits\10\include\10.0.10240.0\ucrt\string.h(119): note: see declaration of 'strcpy'
  gecotimer.cc
d:\vs2013workspace\geco-sctp-cplus\include\globals.h : warning C4819: The file contains a character that cannot be represented in the current code page (936). Save the file in Unicode format to prevent data loss
d:\vs2013workspace\geco-sctp-cplus\include\config.h(15): warning C4005: '_DEBUG': macro redefinition
  d:\vs2013workspace\geco-sctp-cplus\include\config.h(15): note: command-line arguments:  see previous definition of '_DEBUG'
  dispatch_layer.cc
d:\vs2013workspace\geco-sctp-cplus\include\dispatch_layer.h : warning C4819: The file contains a character that cannot be represented in the current code page (936). Save the file in Unicode format to prevent data loss
d:\vs2013workspace\geco-sctp-cplus\include\globals.h : warning C4819: The file contains a character that cannot be represented in the current code page (936). Save the file in Unicode format to prevent data loss
d:\vs2013workspace\geco-sctp-cplus\include\config.h(15): warning C4005: '_DEBUG': macro redefinition
  d:\vs2013workspace\geco-sctp-cplus\include\config.h(15): note: command-line arguments:  see previous definition of '_DEBUG'
d:\vs2013workspace\geco-sctp-cplus\include\geco-ds-malloc.h : warning C4819: The file contains a character that cannot be represented in the current code page (936). Save the file in Unicode format to prevent data loss
d:\vs2013workspace\geco-sctp-cplus\include\geco-ds-config.h : warning C4819: The file contains a character that cannot be represented in the current code page (936). Save the file in Unicode format to prevent data loss
d:\vs2013workspace\geco-sctp-cplus\include\dispatch_layer.h(636): warning C4018: '<': signed/unsigned mismatch
d:\vs2013workspace\geco-sctp-cplus\include\dispatch_layer.h(780): warning C4018: '<': signed/unsigned mismatch
d:\vs2013workspace\geco-sctp-cplus\include\dispatch_layer.h(968): warning C4244: '+=': conversion from 'unsigned __int64' to 'uchar', possible loss of data
d:\vs2013workspace\geco-sctp-cplus\include\poller.h(81): warning C4005: 'POLLIN': macro redefinition
  c:\program files (x86)\windows kits\8.1\include\um\winsock2.h(1617): note: see previous definition of 'POLLIN'
d:\vs2013workspace\geco-sctp-cplus\include\poller.h(82): warning C4005: 'POLLPRI': macro redefinition
  c:\program files (x86)\windows kits\8.1\include\um\winsock2.h(1618): note: see previous definition of 'POLLPRI'
d:\vs2013workspace\geco-sctp-cplus\include\poller.h(83): warning C4005: 'POLLOUT': macro redefinition
  c:\program files (x86)\windows kits\8.1\include\um\winsock2.h(1621): note: see previous definition of 'POLLOUT'
d:\vs2013workspace\geco-sctp-cplus\include\poller.h(84): warning C4005: 'POLLERR': macro redefinition
  c:\program files (x86)\windows kits\8.1\include\um\winsock2.h(1624): note: see previous definition of 'POLLERR'
d:\vs2013workspace\geco-sctp-cplus\include\poller.h(596): warning C4996: 'gethostbyname': Use getaddrinfo() or GetAddrInfoW() instead or define _WINSOCK_DEPRECATED_NO_WARNINGS to disable deprecated API warnings
  c:\program files (x86)\windows kits\8.1\include\um\winsock2.h(2238): note: see declaration of 'gethostbyname'
d:\vs2013workspace\geco-sctp-cplus\src\dispatch_layer.cc(927): warning C4267: '=': conversion from 'size_t' to 'unsigned short', possible loss of data
d:\vs2013workspace\geco-sctp-cplus\src\dispatch_layer.cc(930): warning C4996: 'strcpy': This function or variable may be unsafe. Consider using strcpy_s instead. To disable deprecation, use _CRT_SECURE_NO_WARNINGS. See online help for details.
  c:\program files (x86)\windows kits\10\include\10.0.10240.0\ucrt\string.h(119): note: see declaration of 'strcpy'
d:\vs2013workspace\geco-sctp-cplus\src\dispatch_layer.cc(987): warning C4101: 'padding_len': unreferenced local variable
d:\vs2013workspace\geco-sctp-cplus\src\dispatch_layer.cc(1372): warning C4305: '=': truncation from 'int' to 'uchar'
d:\vs2013workspace\geco-sctp-cplus\src\dispatch_layer.cc(1372): warning C4309: '=': truncation of constant value
d:\vs2013workspace\geco-sctp-cplus\src\dispatch_layer.cc(1381): warning C4018: '>=': signed/unsigned mismatch
d:\vs2013workspace\geco-sctp-cplus\src\dispatch_layer.cc(1404): warning C4018: '>=': signed/unsigned mismatch
  auth.cc
d:\vs2013workspace\geco-sctp-cplus\include\globals.h : warning C4819: The file contains a character that cannot be represented in the current code page (936). Save the file in Unicode format to prevent data loss
c:\program files (x86)\windows kits\8.1\include\um\winnt.h(18582): warning C4005: 'KEY_READ': macro redefinition
  d:\vs2013workspace\geco-sctp-cplus\include\auth.h(86): note: see previous definition of 'KEY_READ'
d:\vs2013workspace\geco-sctp-cplus\include\config.h(15): warning C4005: '_DEBUG': macro redefinition
  d:\vs2013workspace\geco-sctp-cplus\include\config.h(15): note: command-line arguments:  see previous definition of '_DEBUG'
d:\vs2013workspace\geco-sctp-cplus\src\auth.cc(112): warning C4267: 'argument': conversion from 'size_t' to 'MD5::size_type', possible loss of data
d:\vs2013workspace\geco-sctp-cplus\src\auth.cc(341): warning C4996: 'sprintf': This function or variable may be unsafe. Consider using sprintf_s instead. To disable deprecation, use _CRT_SECURE_NO_WARNINGS. See online help for details.
  c:\program files (x86)\windows kits\10\include\10.0.10240.0\ucrt\stdio.h(1769): note: see declaration of 'sprintf'
  Generating Code...
C:\Program Files (x86)\MSBuild\Microsoft.Cpp\v4.0\V140\Microsoft.CppBuild.targets(1357,5): warning MSB8012: TargetPath(D:\VS2013WorkSpace\geco-sctp-cplus\mscv\2015\geco-net\x64\Debug\protocol-stack-lib.lib) does not match the Library's OutputFile property value (D:\VS2013WorkSpace\geco-sctp-cplus\mscv\2015\geco-net\x64\Debug\geco-net_protocol-stack-lib_Debugx64.lib). This may cause your project to build incorrectly. To correct this, please make sure that $(OutDir), $(TargetName) and $(TargetExt) property values match the value specified in %(Lib.OutputFile).
C:\Program Files (x86)\MSBuild\Microsoft.Cpp\v4.0\V140\Microsoft.CppBuild.targets(1359,5): warning MSB8012: TargetName(protocol-stack-lib) does not match the Library's OutputFile property value (geco-net_protocol-stack-lib_Debugx64). This may cause your project to build incorrectly. To correct this, please make sure that $(OutDir), $(TargetName) and $(TargetExt) property values match the value specified in %(Lib.OutputFile).
Ws2_32.lib(WS2_32.dll) : warning LNK4006: __NULL_IMPORT_DESCRIPTOR already defined in Iphlpapi.lib(IPHLPAPI.DLL); second definition ignored
Ws2_32.lib(WS2_32.dll) : warning LNK4221: This object file does not define any previously undefined public symbols, so it will not be used by any link operation that consumes this library
  protocol-stack-lib.vcxproj -> D:\VS2013WorkSpace\geco-sctp-cplus\mscv\2015\geco-net\x64\Debug\protocol-stack-lib.lib
