Build started 4/17/2016 8:30:37 PM.
     1>Project "D:\VS2013WorkSpace\wheel-of-sctp\mscv\project\project\project.vcxproj" on node 2 (Build target(s)).
     1>ClCompile:
         C:\Program Files (x86)\Microsoft Visual Studio 12.0\VC\bin\CL.exe /c /ZI /nologo /W3 /WX- /Od /Oy- /D WIN32 /D _DEBUG /D _CONSOLE /D _LIB /D _UNICODE /D UNICODE /Gm /EHsc /RTC1 /MDd /GS /fp:precise /Zc:wchar_t /Zc:forScope /Fo"Debug\\" /Fd"Debug\vc120.pdb" /Gd /TP /analyze- /errorReport:prompt ..\..\..\my_wheel_src\globals.cc main.cpp
         main.cpp
         globals.cc
     1>d:\vs2013workspace\wheel-of-sctp\my_wheel_src\globals.h : warning C4819: The file contains a character that cannot be represented in the current code page (936). Save the file in Unicode format to prevent data loss
     1>d:\vs2013workspace\wheel-of-sctp\my_wheel_src\globals.cc(37): warning C4996: 'fopen': This function or variable may be unsafe. Consider using fopen_s instead. To disable deprecation, use _CRT_SECURE_NO_WARNINGS. See online help for details.
                 c:\program files (x86)\microsoft visual studio 12.0\vc\include\stdio.h(211) : see declaration of 'fopen'
     1>d:\vs2013workspace\wheel-of-sctp\my_wheel_src\globals.cc(44): warning C4996: 'fscanf': This function or variable may be unsafe. Consider using fscanf_s instead. To disable deprecation, use _CRT_SECURE_NO_WARNINGS. See online help for details.
                 c:\program files (x86)\microsoft visual studio 12.0\vc\include\stdio.h(230) : see declaration of 'fscanf'
     1>d:\vs2013workspace\wheel-of-sctp\my_wheel_src\globals.cc(49): warning C4996: 'getpid': The POSIX name for this item is deprecated. Instead, use the ISO C++ conformant name: _getpid. See online help for details.
                 c:\program files (x86)\microsoft visual studio 12.0\vc\include\process.h(222) : see declaration of 'getpid'
     1>d:\vs2013workspace\wheel-of-sctp\my_wheel_src\globals.cc(51): warning C4996: 'sprintf': This function or variable may be unsafe. Consider using sprintf_s instead. To disable deprecation, use _CRT_SECURE_NO_WARNINGS. See online help for details.
                 c:\program files (x86)\microsoft visual studio 12.0\vc\include\stdio.h(356) : see declaration of 'sprintf'
     1>d:\vs2013workspace\wheel-of-sctp\my_wheel_src\globals.cc(52): warning C4996: 'fopen': This function or variable may be unsafe. Consider using fopen_s instead. To disable deprecation, use _CRT_SECURE_NO_WARNINGS. See online help for details.
                 c:\program files (x86)\microsoft visual studio 12.0\vc\include\stdio.h(211) : see declaration of 'fopen'
     1>d:\vs2013workspace\wheel-of-sctp\my_wheel_src\globals.cc(72): warning C4018: '<' : signed/unsigned mismatch
         Generating Code...
       Link:
         C:\Program Files (x86)\Microsoft Visual Studio 12.0\VC\bin\link.exe /ERRORREPORT:PROMPT /OUT:"D:\VS2013WorkSpace\wheel-of-sctp\mscv\project\Debug\mywheel.exe" /INCREMENTAL /NOLOGO kernel32.lib user32.lib gdi32.lib winspool.lib comdlg32.lib advapi32.lib shell32.lib ole32.lib oleaut32.lib uuid.lib odbc32.lib odbccp32.lib /MANIFEST /MANIFESTUAC:"level='asInvoker' uiAccess='false'" /manifest:embed /DEBUG /PDB:"D:\VS2013WorkSpace\wheel-of-sctp\mscv\project\Debug\mywheel.pdb" /SUBSYSTEM:CONSOLE /TLBID:1 /DYNAMICBASE /NXCOMPAT /IMPLIB:"D:\VS2013WorkSpace\wheel-of-sctp\mscv\project\Debug\mywheel.lib" /MACHINE:X86 Debug\globals.obj
         Debug\main.obj
         project.vcxproj -> D:\VS2013WorkSpace\wheel-of-sctp\mscv\project\Debug\mywheel.exe
     1>Done Building Project "D:\VS2013WorkSpace\wheel-of-sctp\mscv\project\project\project.vcxproj" (Build target(s)).

Build succeeded.

Time Elapsed 00:00:01.24
